MG_HOME : /pkgs/synopsys/current/vc_static
rma-extended-mode : 17
tw-tool-version : "2022.06"
max-workers-per-property : -1
crash-messages : #t
peakmem-messages : #t
edb-dbase-id : 50000
all-results : #t
debug : #f
cex-replay-effort : 25
design-top-name : "execution_unit"
dac-enable-coi-based : #f
reuse-vpDir : "/home/amaso/common/Documents/ECE560/560_assignment2/run/vcst_rtdb/.internal/formal/fpId0/retrieved_result"
exe-dir : "/pkgs/synopsys/current/vc_static/linux64/ctg/bin"
rma-auto-type : 3
oct-mode : 1977
grid-prefetch-timeout : 3600
seqaig-compression : #t
VC_STATIC_HOME : /pkgs/synopsys/current/vc_static
replay-hints : #t
sss-mode : 0
reuse-trace : "/home/amaso/common/Documents/ECE560/560_assignment2/run/vcst_rtdb/.internal/formal/fpId0/retrieved_result/trc_list"
cdpl-log-filter : #f
reuse-cex-multi : #t
cex-replay-capacity : 200
tw-bh-random-workers : 0
interactive-mode : #t
trace-compression : #t
tw-bh-randomize : #f
rma-auto : #t
tr-init-batch-size : 10
upfront-worker-timeout : 1
skip-lower-depth-msg-ext : 3
caching-on : #t
tw-bh-mode : 0
full-interactive-mode : #t
gen-invariant  : #t
orc-strategy : "default"
learned-InvDir : "/home/amaso/common/Documents/ECE560/560_assignment2/run/vcst_rtdb/.internal/formal/fpId0/learnt_files"
app-name : "fpv"
rma-inv-handler : 1
engine-score-file : "/home/amaso/common/Documents/ECE560/560_assignment2/run/vcst_rtdb/.internal/formal/fpId0/fv_eng_score"
oct-point : 9
cdpl-log-compress : #t
dac-structural : #f
dac-lock-step-traversal : #t
grid-prefetch-pct : 0
