22:47:37 : Disable event(s) list: aaMonetBanffGetPropSummaryResults aaMonetEvReportDbUpdated aaMonetBanffGetPropSummary aaMonetEvReportCompressFinished aaMonetBanffGetPropResults aaMonetCmdHelp aaMonetEvReportDbUpdating aaMonetEvFormalCoreInvalidated aaMonetEvReportWaiverStarted aaMonetEvReportCompressStarted aaMonetEvErrorMsg aaMonetEvReportWaiverFinished
22:47:41 : Monet(R):UNodeAction -name aaMonetEvSourceCmdActive -data 1 -trigger
22:47:41 : Monet(S):aaAppGuiActive
22:47:42 : Monet(S):aaMonetGetCmdHelp
22:47:42 : Monet(R):UNodeAction -name aaMonetEvSourceCmdActive -data 0 -trigger
22:47:42 : Monet(R):UNodeAction -name aaMonetEvSourceCmdActive -data 1 -trigger
22:47:42 : Monet(R):UNodeAction -name aaMonetEvSourceCmdActive -data 0 -trigger
22:47:42 : Monet(R):UNodeAction -name aaMonetEvSourceCmdActive -data 1 -trigger
22:47:42 : Monet(R):UNodeAction -name aaMonetEvSourceCmdActive -data 0 -trigger
22:47:42 : Monet(R):UNodeAction -name aaMonetEvSourceCmdActive -data 1 -trigger
22:47:42 : Monet(R):UNodeAction -name aaMonetEvSourceCmdActive -data 0 -trigger
22:47:42 : Monet(R):UNodeAction -name aaMonetEvSourceCmdActive -data 1 -trigger
22:47:42 : Monet(R):UNodeAction -name aaMonetEvSourceCmdActive -data 0 -trigger
22:47:42 : Monet(R):UNodeAction -name aaMonetEvSourceCmdActive -data 1 -trigger
22:47:42 : Monet(R):UNodeAction -name aaMonetEvSourceCmdActive -data 0 -trigger
22:47:42 : Monet(R):UNodeAction -name aaMonetEvSourceCmdActive -data 1 -trigger
22:47:42 : Monet(R):UNodeAction -name aaMonetEvSourceCmdActive -data 0 -trigger
22:47:42 : Monet(R):UNodeAction -name aaMonetEvSourceCmdActive -data 1 -trigger
22:47:42 : Monet(R):UNodeAction -name aaMonetEvSourceCmdActive -data 0 -trigger
22:47:42 : Monet(R):UNodeAction -name aaMonetEvSourceCmdActive -data 1 -trigger
22:47:42 : Monet(R):UNodeAction -name aaMonetEvSourceCmdActive -data 0 -trigger
22:47:42 : Monet(R):UNodeAction -name aaMonetEvSourceCmdActive -data 1 -trigger
22:47:42 : Monet(R):UNodeAction -name aaMonetEvSourceCmdActive -data 0 -trigger
22:47:42 : Monet(R):UNodeAction -name aaMonetEvSourceCmdActive -data 1 -trigger
22:47:42 : Monet(R):UNodeAction -name aaMonetEvSourceCmdActive -data 0 -trigger
22:47:42 : Monet(R):UNodeAction -name aaMonetEvSourceCmdActive -data 1 -trigger
22:47:42 : Monet(R):UNodeAction -name aaMonetEvSourceCmdActive -data 0 -trigger
22:47:42 : Monet(R):UNodeAction -name aaMonetEvSourceCmdActive -data 1 -trigger
22:47:42 : Monet(R):UNodeAction -name aaMonetEvSourceCmdActive -data 0 -trigger
22:47:42 : Monet(R):UNodeAction -name aaMonetEvSourceCmdActive -data 1 -trigger
22:47:42 : Monet(R):UNodeAction -name aaMonetEvSourceCmdActive -data 0 -trigger
22:47:42 : Monet(R):UNodeAction -name aaMonetEvSourceCmdActive -data 1 -trigger
22:47:42 : Monet(R):UNodeAction -name aaMonetEvSourceCmdActive -data 0 -trigger
22:47:42 : Monet(R):UNodeAction -name aaMonetEvSourceCmdActive -data 1 -trigger
22:47:42 : Monet(R):UNodeAction -name aaMonetEvSourceCmdActive -data 0 -trigger
22:47:42 : Monet(R):UNodeAction -name aaMonetEvSourceCmdActive -data 1 -trigger
22:47:42 : Monet(R):UNodeAction -name aaMonetEvSourceCmdActive -data 0 -trigger
22:47:42 : Monet(R):UNodeAction -name aaMonetEvSourceCmdActive -data 1 -trigger
22:47:42 : Monet(R):UNodeAction -name aaMonetEvSourceCmdActive -data 0 -trigger
22:47:42 : Monet(R):UNodeAction -name aaMonetSetHierarchySeparator -data . -trigger
22:47:42 : Monet(R):UNodeAction -name aaMonetEvGvarState -data {hierarchy_delimiter=.}
22:47:42 : Monet(R):UNodeAction -name aaMonetEvGvarState -data {share_libcells=false}
22:47:42 : Monet(R):UNodeAction -name aaMonetEvGvarState -data {keep_source_loc_expr=true}
22:47:42 : Monet(R):UNodeAction -name aaMonetEvGvarState -data {enable_verdi_kdb_common_elab=true}
22:47:42 : Monet(R):UNodeAction -name aaMonetEvGvarState -data {enable_new_name_interface=false}
22:47:42 : Monet(R):UNodeAction -name aaMonetEvGvarState -data {enable_remove_temporary_flops=false}
22:47:42 : Monet(R):UNodeAction -name aaMonetEvGvarState -data {prepend_default_timescale=true}
22:47:42 : Monet(R):UNodeAction -name aaMonetEvGvarState -data {enable_ldpc_transform=false}
22:47:42 : Monet(R):UNodeAction -name aaMonetEvGvarState -data {enable_fdpc_transform=false}
22:47:42 : Monet(R):UNodeAction -name aaMonetEvGvarState -data {enable_vhdl_original_names=false}
22:47:42 : Monet(R):UNodeAction -name aaMonetEvGvarState -data {fml_mode_on=true}
22:47:42 : Monet(R):UNodeAction -name aaMonetEvGvarState -data {async_command_max_parallel_count=8}
22:47:42 : Monet(R):UNodeAction -name aaMonetEvGvarState -data {auto_correct_waiver_name=false}
22:47:42 : Monet(R):UNodeAction -name aaMonetEvGvarState -data {cdc_vector_merged_bits_simplify_level=3}
22:47:42 : Monet(R):UNodeAction -name aaMonetEvGvarState -data {default_waiver_file=}
22:47:42 : Monet(R):UNodeAction -name aaMonetEvGvarState -data {disable_abstract_nschema_linking=false}
22:47:42 : Monet(R):UNodeAction -name aaMonetEvGvarState -data {disable_waiver_command_prints=false}
22:47:42 : Monet(R):UNodeAction -name aaMonetEvGvarState -data {dpv_regression_mode=false}
22:47:42 : Monet(R):UNodeAction -name aaMonetEvGvarState -data {dump_signature_in_violation=false}
22:47:42 : Monet(R):UNodeAction -name aaMonetEvGvarState -data {enable_all_fields_to_create_filter=true}
22:47:42 : Monet(R):UNodeAction -name aaMonetEvGvarState -data {enable_cdc=false}
22:47:42 : Monet(R):UNodeAction -name aaMonetEvGvarState -data {enable_compressed_group=true}
22:47:42 : Monet(R):UNodeAction -name aaMonetEvGvarState -data {enable_copy_novas_libs=false}
22:47:42 : Monet(R):UNodeAction -name aaMonetEvGvarState -data {enable_dc_naming_style=false}
22:47:42 : Monet(R):UNodeAction -name aaMonetEvGvarState -data {enable_incremental_db_updates=false}
22:47:42 : Monet(R):UNodeAction -name aaMonetEvGvarState -data {enable_lint=false}
22:47:42 : Monet(R):UNodeAction -name aaMonetEvGvarState -data {enable_nextgen_cdc=false}
22:47:42 : Monet(R):UNodeAction -name aaMonetEvGvarState -data {enable_nldm_nschema=true}
22:47:42 : Monet(R):UNodeAction -name aaMonetEvGvarState -data {enable_nldm_nschema_on_demand=false}
22:47:42 : Monet(R):UNodeAction -name aaMonetEvGvarState -data {enable_nldm_nschema_thread=true}
22:47:42 : Monet(R):UNodeAction -name aaMonetEvGvarState -data {enable_nschema_container=true}
22:47:42 : Monet(R):UNodeAction -name aaMonetEvGvarState -data {enable_rdc_waveform_reset_order_graph=true}
22:47:42 : Monet(R):UNodeAction -name aaMonetEvGvarState -data {enable_sam_rtl_annotation=false}
22:47:42 : Monet(R):UNodeAction -name aaMonetEvGvarState -data {enable_signature_to_create_waiver=true}
22:47:42 : Monet(R):UNodeAction -name aaMonetEvGvarState -data {enable_verdi_background=true}
22:47:42 : Monet(R):UNodeAction -name aaMonetEvGvarState -data {enable_verdi_debug=true}
22:47:42 : Monet(R):UNodeAction -name aaMonetEvGvarState -data {enable_verdi_kdb_smart_elab=true}
22:47:42 : Monet(R):UNodeAction -name aaMonetEvGvarState -data {enable_verdi_symbolic_schematic=false}
22:47:42 : Monet(R):UNodeAction -name aaMonetEvGvarState -data {enable_vhdl_original_names=false}
22:47:42 : Monet(R):UNodeAction -name aaMonetEvGvarState -data {field_delimiter=.}
22:47:42 : Monet(R):UNodeAction -name aaMonetEvGvarState -data {fml_cc_coverage_analyzer=false}
22:47:42 : Monet(R):UNodeAction -name aaMonetEvGvarState -data {fml_composite_trace=true}
22:47:42 : Monet(R):UNodeAction -name aaMonetEvGvarState -data {fml_cov_fast_mode=false}
22:47:42 : Monet(R):UNodeAction -name aaMonetEvGvarState -data {fml_cov_gen_trace=default}
22:47:42 : Monet(R):UNodeAction -name aaMonetEvGvarState -data {fml_cov_llk_trace_enable=unlimited}
22:47:42 : Monet(R):UNodeAction -name aaMonetEvGvarState -data {fml_mode_on=true}
22:47:42 : Monet(R):UNodeAction -name aaMonetEvGvarState -data {fml_vacuity_on=true}
22:47:42 : Monet(R):UNodeAction -name aaMonetEvGvarState -data {fml_vdac_disable=false}
22:47:42 : Monet(R):UNodeAction -name aaMonetEvGvarState -data {fml_witness_on=false}
22:47:42 : Monet(R):UNodeAction -name aaMonetEvGvarState -data {gui_load_filter_group_mode=true}
22:47:42 : Monet(R):UNodeAction -name aaMonetEvGvarState -data {hide_waive_this_item_link=false}
22:47:42 : Monet(R):UNodeAction -name aaMonetEvGvarState -data {hierarchy_delimiter=.}
22:47:42 : Monet(R):UNodeAction -name aaMonetEvGvarState -data {include_filter_field_comments=false}
22:47:42 : Monet(R):UNodeAction -name aaMonetEvGvarState -data {info_disp_elems=0}
22:47:42 : Monet(R):UNodeAction -name aaMonetEvGvarState -data {keep_source_loc_expr=true}
22:47:42 : Monet(R):UNodeAction -name aaMonetEvGvarState -data {lint_functional_mode=false}
22:47:42 : Monet(R):UNodeAction -name aaMonetEvGvarState -data {lint_load_goal_results=false}
22:47:42 : Monet(R):UNodeAction -name aaMonetEvGvarState -data {lint_spyglass_mode=false}
22:47:42 : Monet(R):UNodeAction -name aaMonetEvGvarState -data {lint_testbench_mode=false}
22:47:42 : Monet(R):UNodeAction -name aaMonetEvGvarState -data {msg_color_error=red}
22:47:42 : Monet(R):UNodeAction -name aaMonetEvGvarState -data {msg_color_info=none}
22:47:42 : Monet(R):UNodeAction -name aaMonetEvGvarState -data {msg_color_warn=none}
22:47:42 : Monet(R):UNodeAction -name aaMonetEvGvarState -data {scroll_table_speed=1}
22:47:42 : Monet(R):UNodeAction -name aaMonetEvGvarState -data {select_create_waiver_fields=signature}
22:47:42 : Monet(R):UNodeAction -name aaMonetEvGvarState -data {show_disabled_prop=true}
22:47:42 : Monet(R):UNodeAction -name aaMonetEvGvarState -data {show_msg_in_create_waiver=true}
22:47:42 : Monet(R):UNodeAction -name aaMonetEvGvarState -data {show_only_waived_and_waived_temp=false}
22:47:42 : Monet(R):UNodeAction -name aaMonetEvGvarState -data {struct_delimiter=.}
22:47:42 : Monet(R):UNodeAction -name aaMonetEvGvarState -data {track_msg_color_changes=true}
22:47:42 : Monet(R):UNodeAction -name aaMonetEvGvarState -data {verdi_postelab_to_check=false}
22:47:42 : Monet(R):UNodeAction -name aaMonetEvGvarState -data {verdi_table_font=11}
22:47:42 : Monet(R):UNodeAction -name aaMonetEvGvarState -data {verdi_vc_console_hotkey=null}
22:47:42 : Monet(R):UNodeAction -name aaMonetEvGvarState -data {vnr_write_kdb_resolve=true}
22:47:42 : Monet(R):UNodeAction -name aaMonetEvGvarState -data {waiver_disallow_append=false}
22:47:42 : Monet(R):UNodeAction -name aaMonetEvGvarState -data {waiver_require_comment=false}
22:47:43 : Monet(R):UNodeAction -name aaMonetEvSourceCmdActive -data 1 -trigger
22:47:43 : Monet(R):UNodeAction -name aaMonetEvDesignLoading  -trigger
22:47:43 : Monet(R):UNodeAction -name aaVerdiKdbAlias -data {true} -trigger
22:47:43 : Monet(R):UNodeAction -name aaMonetEvGvarState -data {fml_trace_auto_fsm_state_extraction=true}
22:47:43 : Monet(R):UNodeAction -name aaVerdiSetSimBinPath -data {simv} -trigger
22:47:43 : Monet(R):UNodeAction -name aaVerdiEnableKdb -data {true} -trigger
22:47:43 : Monet(R):UNodeAction -name aaVerdiEvDesignTop -data {execution_unit} -trigger
22:47:43 : Monet(R):UNodeAction -name aaVerdiSetWorkLib -data {work} -trigger
22:47:43 : Monet(R):UNodeAction -name aaVerdiCompileLog -data {} -trigger
22:47:46 : Monet(R):UNodeAction -name aaMonetSetHierarchySeparator -data . -trigger
22:47:46 : Monet(S):aaMonetBanffSavePropDBToStream -summary {1} -task {0}
22:47:46 : Monet(R):UNodeAction -name aaVerdiRefreshPropertyTable -force {0} -trigger
22:47:46 : Monet(S):aaMonetDbg -apps {VCFV} -plain {1895244856}
22:47:46 : Monet(S):aaMonetFvGetTaskAttrs
22:47:47 : Monet(R):UNodeAction -name aaVerdiEvSetSAMBox -data {} -trigger
22:47:47 : Monet(R):UNodeAction -name aaVerdiKdbAlias -data {true} -trigger
22:47:47 : Monet(S):aaMonetSetVerdiDesignImportDone -data {1}
22:47:48 : Monet(R):UNodeAction -name aaVerdiEvCompile -finished {} -trigger
22:47:48 : Monet(R):UNodeAction -name aaMonetEvReportDbSelectiveUpdate -data { Objects,ReportColumns,ReportTypes,Repositories,SETUP,TagParameterValue,Vars } -trigger
22:47:48 : Monet(R):UNodeAction -name aaMonetFvPassTaskAttrs -time {12H} -depth {-1} -effort {default} -effortConstraint {default low high bounded bug_hunting discovery} -trigger
22:47:48 : Monet(R):UNodeAction -name aaMonetEvDesignLoaded -data 1 -trigger
22:47:48 : Monet(S):aaMonetBanffSavePropDBToStream -summary {1} -task {0}
22:47:48 : Monet(R):UNodeAction -name aaVerdiRefreshPropertyTable -force {0} -trigger
22:47:48 : Monet(R):UNodeAction -name aaVerdiConstantAnnotation  -trigger
22:47:48 : Monet(R):UNodeAction -name aaVerdiCmdTransport -reset -cmd verdiGetVcstCmdResult -args {<Command name="sim_run" status="1" />} -trigger
22:47:48 : Monet(R):UNodeAction -name aaVerdiCmdTransport -reset -cmd verdiGetVcstCmdResult -args {<Command name="sim_save_reset" status="1" />} -trigger
22:47:48 : Monet(R):UNodeAction -name aaVerdiEvSeqIncrSetup -xml {/home/amaso/common/Documents/ECE560/560_assignment2/run/vcst_rtdb/.internal/formal/incrVerdiSeqMapping.xml} -trigger
22:47:49 : Monet(S):aaMonetBanffSavePropDBToStream -summary {1} -task {0}
22:47:49 : Monet(R):UNodeAction -name aaVerdiRefreshPropertyTable -force {0} -trigger
22:47:49 : Monet(R):UNodeAction -name aaVerdiEvSeqIncrSetup -xml {/home/amaso/common/Documents/ECE560/560_assignment2/run/vcst_rtdb/.internal/formal/incrVerdiSeqMapping.xml} -trigger
22:47:49 : Monet(R):UNodeAction -name aaMonetEvSourceCmdActive -data 0 -trigger
22:47:49 : Monet(R):UNodeAction -name aaVerdiEvMasterSourceDone  -trigger
22:47:49 : Monet(S):aaHierViewSrcDone -data {1}
22:47:49 : Monet(S):aaMonetBanffSavePropDBToStream -summary {1}
22:47:49 : Monet(S):aaMonetMasterUnblock -result {1}
22:47:49 : Monet(R):UNodeAction -name aaAppInvokeAction -cmd {aaMonetBanffSavePropDBToStream -reset -summary 1 -trigger } -trigger
22:47:49 : Monet(S):aaMonetMasterUnblock -result {1}
22:47:50 : Monet(R):UNodeAction -name aaVerdiSendSviCmd -reset -data {schSetPreference -displayAbstractSrc off } -trigger
22:47:50 : Monet(S):aaVerdiSendSviCmdDone -result {1} -success {1}
22:47:50 : Monet(S):aaMonetMasterUnblock -result {1}
22:47:50 : Monet(S):aaMSduChannelConnected
22:47:50 : Monet(R):UNodeAction -name aaVerdiBlackboxReport -reset -data {  -delim {.}} -trigger
22:47:50 : Monet(S):aaMonetMasterUnblock -result {1}
22:47:50 : Monet(R):UNodeAction -name aaVerdiGlassboxReport -reset -data { -delim {.}} -trigger
22:47:50 : Monet(S):aaMonetMasterUnblock -result {1}
22:47:50 : Monet(S):aaMonetMasterUnblock -result {1}
22:47:50 : Monet(S):aaMonetMasterUnblock -result {1}
22:47:50 : Monet(R):UNodeAction -name aaAppInvokeAction -cmd {aaVerdiWaitAnnotation -trigger } -trigger
22:47:50 : Monet(S):aaMonetMasterUnblock -result {1}
22:47:50 : Monet(S):aaMonetMasterUnblock -result {1}
22:47:50 : Monet(R):UNodeAction -name aaAppInvokeAction -cmd {aaMonetSetReuseWave -data } -trigger
22:47:50 : Monet(S):aaMonetMasterUnblock -result {1}
22:47:50 : Monet(S):aaMonetBanffSavePropDBToStream -summary {1}
22:47:50 : Monet(S):aaMonetMasterUnblock -result {1}
22:47:50 : Monet(R):UNodeAction -name aaAppInvokeAction -cmd {aaMonetBanffSavePropDBToStream -reset -summary 1 -trigger } -trigger
22:47:50 : Monet(S):aaMonetMasterUnblock -result {1}
22:47:50 : Monet(R):UNodeAction -name aaVerdiSendSviCmd -reset -data {verdiVcstConstantReport -xmlFile /home/amaso/common/Documents/ECE560/560_assignment2/run/vcst_rtdb/.internal/verdi/constant.xml } -trigger
22:47:51 : Monet(S):aaVerdiSendSviCmdDone -result {1} -success {1}
22:47:51 : Monet(S):aaMonetMasterUnblock -result {1}
22:47:59 : Monet(R):UNodeAction -name aaMonetEvCheckFvStarted -data FPV,FPV -trigger
22:47:59 : Monet(S):aaMonetBanffSavePropDBToStream -summary {1} -task {0}
22:47:59 : Monet(R):UNodeAction -name aaVerdiRefreshPropertyTable -force {0} -trigger
22:48:00 : Monet(R):UNodeAction -name aaMonetEvBanffPropertyCount -data 14 -trigger
22:48:00 : Monet(R):UNodeAction -name aaMonetEvTwStarted  -trigger
22:48:00 : Monet(R):UNodeAction -name aaVerdiCmdTransport -reset -cmd verdiGetVcstCmdResult -args {<Command name="check_fv" status="1" />} -trigger
22:48:00 : Monet(S):aaMonetMasterUnblock -result {1}
22:48:00 : Monet(S):aaMonetMasterUnblock -result {1}
22:48:00 : Monet(R):UNodeAction -name aaAppInvokeAction -cmd {aaVerdiProgressFileReady -data /home/amaso/common/Documents/ECE560/560_assignment2/run/vcst_rtdb/.internal/verdi/gridUsage.xml0 -trigger } -trigger
22:48:00 : Monet(S):aaMonetMasterUnblock -result {1}
22:48:25 : Monet(R):UNodeAction -name aaMonetEvTwStopped  -trigger
22:48:25 : Monet(R):UNodeAction -name aaMonetEvCheckFvFinished -data 1 -tname FPV,FPV -trigger
