>>>verdiVcstResizeTopWin
<<< Success : 
>>>verdiDockWidgetSetCurTab -dock windowDock_vcstConsole_2
<<< Success : 1
>>>::vcst::creatInstAction
<<< Success : 
>>>::vcst::createAnalyzerAction
<<< Success : 
>>>::vcst::creatResetLayoutAction
<<< Success : 
>>>::vcst::creatAssertAnalyzerAction
<<< Success : 
>>>set ::vcst::EnableUDWin 0
<<< Success : 0
>>>qwConfig -type nWave -cmds [list {qwAddToolBarGroup -group "UDWinGroup"} {qwAddToolBarGroup -group "AssertAnalyzer"}]
<<< Success : 
>>>srcSetOptions -lockActView on
<<< Success : 1
>>>::vcst::createAddTraceToWaveAction
<<< Success : 
>>>source /pkgs/synopsys/current/vc_static/auxx/monet/tcl/menu.tcl

<<< Success : 1
>>>set ::vcst::_compositeTrace {1}
<<< Success : 1
>>>verdiVcstSyncMsgColor -errorColor "default_red" -warningColor "default_none" -infoColor "default_none"
<<< Success : 
>>>verdiSetRCValue -section appSetting -key font -value {Bitstream Vera Sans(11)};
<<< Success : 
>>>verdiSetPrefEnv -monoFontSize "11"
<<< Success : 1
>>>setStyleFvProgress -css {font-family:Bitstream Vera Sans monospace;font-size:11px}
<<< Success : 0
>>>setStyleFvGoalProgress -css {font-family:Bitstream Vera Sans monospace;font-size:11px}
<<< Success : 1
>>>verdiSetFont -font "Bitstream Vera Sans" -size "11"
<<< Success : 1
>>>@@@Event: swnTraceWindowType(-win "nTrace")
>>>verdiVcstOnPropSelectionChanged -strNum 0 -propList {}
<<< Success : 
>>>verdiDockWidgetSetCurTab -dock widgetDock_VCF:TaskList
<<< Success : 1
>>>verdiVcstSetAppmode -mode FPV -fromVcst
<<< Success : 
>>>verdiSetRCValue -section appSetting -key glbfilter -value {111}
<<< Success : 
>>>verdiSetRCValue -section appSetting -key glbfilter -value {111}
<<< Success : 
>>>verdiSetRCValue -section appSetting -key glbfilter -value {111}
<<< Success : 
>>>verdiDockWidgetSetCurTab -dock widgetDock_VCF:GoalList
<<< Success : 1
>>>verdiAboutDlg -banner {
VC Static

Version T-2022.06-SP2 for linux64 - Nov 29, 2022

Copyright (c) 2010 - 2022 Synopsys, Inc.
}
<<< Success : 1
>>>verdiSetStatusMsg -win Verdi_1 -color red { Design import... cross probing not ready }
<<< Success : 1
>>>set ::vcst::_top "execution_unit"
set ::vcst::_elab ""
set ::vcst::_elabOpts {}
set ::vcst::_rtdbDir {/home/amaso/common/Documents/ECE560/560_assignment2/run/vcst_rtdb}
set ::vcst::_hiddenDir {.internal}
set ::vcst::_masterMode true
set ::vcst::_workLib "work"
set ::vcst::_upfOpts " -upf "
set ::vcst::_enableKdb "true"
set ::vcst::_simBinPath "simv"
set ::vcst::_goldenUpfConfig {}
set ::vcst::_nldmNschema {false}
set ::vcst::_kdbAlias {true}
set ::vcst::_covDut {}
set ::vcst::_splitbus {false}
set ::vcst::_enableVerdiLog {1}
set ::vcst::_fml_max_proof_depth {}
set ::vcst::_smartLoad {true}
set ::vcst::_compositeTrace {1}
set ::vcst::_strategyFilePath {}
set ::vcst::_enableVnrWriteKdb {false}
set ::vcst::_bIsFormalFlow {true}
set ::vcst::_bGlobalFsdbPresent {false}
set ::vcst::_sRunModes {}
set ::vcst::_enableVnrWriteKdbResolve {true}
set ::vcst::_diucFlow {false}
set ::vcst::_libArgs ""
set ::vcst::_seqXmlFile ""
schSetVCSTDelimiter -VHDLGenDelim "."
schSetPreference -turboLibs {} -turboLibPaths {}
verdiSetPrefEnv -bSpecifyWindowTitleForDockContainer off
paSetPreference -brightenPowerColor on
schSetPreference -showPassThroughNet on
paSetPreference -AnnotateSignal off
paSetPreference -highlightPowerObject off
srcAssertSetOpt -addSigToWave 0 -addSigWithExpGrp 1 -maskWave 0 -ShowCycleInfo 1
verdiRunVcst -on
schSetVCSTDelimiter -hierDelim .
set ::vcst::_vcstAppHierDelim "."
srcSetXpropOption "tmerge"
set ::vcst::_powerDbDir ""
set ::vcst::_bRestore ""
verdiDockWidgetFix -dock widgetDock_VCF:GoalList
::vcst::loadMainWin "0"
verdiDockWidgetUnfix -dock widgetDock_VCF:GoalList

setStyleFvProgress -css {font-family:Bitstream Vera Sans monospace;font-size:11px}
setStyleFvGoalProgress -css {font-family:Bitstream Vera Sans monospace;font-size:11px}
verdiSetFont -font "Bitstream Vera Sans" -size "11"
verdiSetPrefEnv -monoFontSize "11"
verdiVcstEnableAppMode -enable FRV

verdiRunVcstCmd "action aaVerdiWaitAnnotation -trigger
" -no_wait
verdiRunVcstCmd "action aaMonetSetReuseWave -data \{[verdiGetRCValue -section appSetting -key reuseWave]\}
" -no_wait
>>>@@@Event: swnTraceWindowType(-win "nTrace")
>>>@@@Event: srcImportDesign(execution_unit)
>>>verdiSetStatusMsg -win Verdi_1 -color black { Design import ready }
<<< Success : 1
>>>@@@Event: srcChangeScope(execution_unit)
>>>@@@Event: srcHBTreeSelect({ 1 {execution_unit}})
>>>@@@Event: srcHBTreeSelect({ 1 {execution_unit}})
>>>@@@Event: srcGetSnipSignal(srcGetSnipSignal)
>>>@@@Event: srcGetBlackbox(srcGetBlackbox)
>>>@@@Event: verdiRunVcstCmd(action aaVerdiWaitAnnotation -trigger
 -no_wait)
>>>verdiGetVcstCmdResult -xmlstr {<Command name="action" received="1"></Command>}

<<< Success : 1
>>>verdiGetVcstCmdResult -xmlstr {<Command name="action" status="1"></Command>}

<<< Success : 1
>>>@@@Event: verdiRunVcstCmd(action aaMonetSetReuseWave -data {}
 -no_wait)
>>>verdiGetVcstCmdResult -xmlstr {<Command name="action" received="1"></Command>}

<<< Success : 1
>>>verdiGetVcstCmdResult -xmlstr {<Command name="action" status="1"></Command>}

<<< Success : 1
<<< Success : 1
>>>srcSetPreference -tabNum 16
<<< Success : 1
>>>verdiSetPrefEnv -bDockNewWindowInContainerWhenFindSameType "off"
<<< Success : 1
>>>set ::vcst::_bRestore ""
<<< Success : 
>>>verdiLayoutFreeze -off
<<< Success : 1
>>>verdiToolBar -rm toolbarHB_TOGGLE_PANEL toolbarHB_EMULATION_PANEL toolbarHB_PRODTYPE_PANEL UVM_AWARE_DEBUG AMS_CONFIG_TOOLBAR NOVAS_TBBR_INTERACTIVEVIEW_PANEL NOVAS_TBBR_DEBUG_REWIND_COMMAND NOVAS_TBBR_DEBUG_REWIND_UNDO_REDO_COMMAND NOVAS_TBBR_DEBUG_REVERSE_COMMAND NOVAS_TBBR_DEBUG_VSIM_COMMAND NOVAS_EMULATION_DEBUG_COMMAND CVG_CER_PANEL
<<< Success : 1
>>>verdiVcstSetSviPid -pid 16211
<<< Success : 
>>>verdiSetRCValue -section appSetting -key verdiFirstMode -value 1
<<< Success : 
>>>verdiSetRCValue -section appSetting -key vcstVersion -value T-2022.06-SP2
<<< Success : 
>>>set ::vcst::_fml_max_proof_depth {-1};set ::vcst::_fml_max_time {12H};catch {verdiVcstOnFmlVarChanged -key {fml_effort} -value {default}}
<<< Success : 0
>>>verdiVcstDesignLoaded
<<< Success : 
>>>verdiGetVcstCmdResult -xmlstr {<Command name="sim_run" status="1" />}
<<< Success : 1
>>>verdiGetVcstCmdResult -xmlstr {<Command name="sim_save_reset" status="1" />}
<<< Success : 1
>>>report_fv_complexity -silent -sim_save_reset
<<< Success : 1
>>>verdiSetRCValue -section appSetting -key glbfilter -value {111}
<<< Success : 
>>>@@@Event: debMidBtnDown(nTrace)
>>>@@@Event: debDndSrc(nTrace)
>>>verdiSetRCValue -section appSetting -key glbfilter -value {111}
<<< Success : 
>>>verdiLayoutFreeze -off
<<< Success : 1
>>>::vcst::showDebugViews -1 false false setupSource
<<< Success : 1
>>>verdiWindowMoveDockTab -win Verdi_1 widgetDock_VCF:Shell widgetDock_VCF:GoalList widgetDock_<Message>
verdiDockWidgetSetCurTab -dock widgetDock_VCF:GoalList

<<< Success : 1
>>>viaLogViewerLoadVcstConsoleLogRc
<<< Success : 1
>>>verdiSetRCValue -section appSetting -key glbfilter -value {111}
<<< Success : 
>>>schSetPreference -displayAbstractSrc off 
<<< Success : 1
>>>srcSetBlackbox   -delim {.}
<<< Success : 0
>>>srcSetGlassbox  -delim {.}
<<< Success : 0
>>>verdiSetRCValue -section appSetting -key glbfilter -value {111}
<<< Success : 
>>>verdiVcstConstantReport -xmlFile /home/amaso/common/Documents/ECE560/560_assignment2/run/vcst_rtdb/.internal/verdi/constant.xml 
<<< Success : 1
>>>@@@Event: swnTraceWindowType(-win "nTrace")
>>>verdiVcstCheckFv -taskName FPV
>>>@@@Event: vcstReportFvProgress(gridUsage.xml gridUsage null)
<<< Success : 1
>>>vcstRunCovCmd -async gui_vcst_set_parameters -is_running true
<<< Success : 0
>>>verdiSetRCValue -section appSetting -key glbfilter -value {111}
<<< Success : 
>>>verdiGetVcstCmdResult -xmlstr {<Command name="check_fv" status="1" />}
<<< Success : 1
>>>receiveFvProgress /home/amaso/common/Documents/ECE560/560_assignment2/run/vcst_rtdb/.internal/verdi/gridUsage.xml0
<<< Success : 1
>>>verdiVcstCheckFv -taskName FPV
<<< Success : 
>>>vcstRunCovCmd -async gui_vcst_set_parameters -is_running false
<<< Success : 0
