BEGIN_VIOLATION
RULE_NAME:SVAC-TAUT-PROPERTY-UQS
VCS_SEVERITY:Warning
MESSAGE:  Property is a tautology if it is used as an assertion or an assumption. ThisVCST_RETmight be related to an unqualified sequence. Please try to explicitly VCST_RETqualify the sequence as strong.VCST_RETfile: ../RTL/execution_unit.sv, line: 70, property: input_id_output_id_0
END_VIOLATION

BEGIN_VIOLATION
RULE_NAME:SVAC-TAUT-PROPERTY-UQS
VCS_SEVERITY:Warning
MESSAGE:  Property is a tautology if it is used as an assertion or an assumption. ThisVCST_RETmight be related to an unqualified sequence. Please try to explicitly VCST_RETqualify the sequence as strong.VCST_RETfile: ../RTL/execution_unit.sv, line: 74, property: input_id_output_id_1
END_VIOLATION

BEGIN_VIOLATION
RULE_NAME:SVAC-TAUT-PROPERTY-UQS
VCS_SEVERITY:Warning
MESSAGE:  Property is a tautology if it is used as an assertion or an assumption. ThisVCST_RETmight be related to an unqualified sequence. Please try to explicitly VCST_RETqualify the sequence as strong.VCST_RETfile: ../RTL/execution_unit.sv, line: 78, property: input_id_output_id_2
END_VIOLATION

BEGIN_VIOLATION
RULE_NAME:SVAC-TAUT-PROPERTY-UQS
VCS_SEVERITY:Warning
MESSAGE:  Property is a tautology if it is used as an assertion or an assumption. ThisVCST_RETmight be related to an unqualified sequence. Please try to explicitly VCST_RETqualify the sequence as strong.VCST_RETfile: ../RTL/execution_unit.sv, line: 82, property: input_id_output_id_3
END_VIOLATION

BEGIN_VIOLATION
RULE_NAME:SVAC-TAUT-PROPERTY-UQS
VCS_SEVERITY:Warning
MESSAGE:  Property is a tautology if it is used as an assertion or an assumption. ThisVCST_RETmight be related to an unqualified sequence. Please try to explicitly VCST_RETqualify the sequence as strong.VCST_RETfile: ../RTL/execution_unit.sv, line: 86, property: input_id_output_id_4
END_VIOLATION

BEGIN_VIOLATION
RULE_NAME:SVAC-TAUT-PROPERTY-UQS
VCS_SEVERITY:Warning
MESSAGE:  Property is a tautology if it is used as an assertion or an assumption. ThisVCST_RETmight be related to an unqualified sequence. Please try to explicitly VCST_RETqualify the sequence as strong.VCST_RETfile: ../RTL/execution_unit.sv, line: 90, property: input_id_output_id_5
END_VIOLATION

BEGIN_VIOLATION
RULE_NAME:SVAC-TAUT-PROPERTY-UQS
VCS_SEVERITY:Warning
MESSAGE:  Property is a tautology if it is used as an assertion or an assumption. ThisVCST_RETmight be related to an unqualified sequence. Please try to explicitly VCST_RETqualify the sequence as strong.VCST_RETfile: ../RTL/execution_unit.sv, line: 94, property: input_id_output_id_6
END_VIOLATION

BEGIN_VIOLATION
RULE_NAME:SVAC-TAUT-PROPERTY-UQS
VCS_SEVERITY:Warning
MESSAGE:  Property is a tautology if it is used as an assertion or an assumption. ThisVCST_RETmight be related to an unqualified sequence. Please try to explicitly VCST_RETqualify the sequence as strong.VCST_RETfile: ../RTL/execution_unit.sv, line: 98, property: input_id_output_id_7
END_VIOLATION





