###############################################################
 # This report contains names of design units along with parameter
 # values and self instances.
 # Some parameters may have more than one possible values for that
 # design unit, values will be unique for instances. It is indicated as
 # "Multiple Values".
 # In some cases instance count shown may be less than actual instance
 # count in the design due to optimizations. It is indicated as
 # "Optimized".
###############################################################


Design Unit Name: 'execution_unit', (../RTL/execution_unit.sv:2)
    Parameters (Total 0)
    Instances (Total: 0)
=============================================


Design Unit Name: 'inp_fifo', (../RTL/inp_fifo.sv:2)
    Parameters (Total 2)
        DEPTH = 4  (default: 4)
        PTR_WIDTH = 2  (default: 2)
    Instances (Total 1)
        execution_unit.i_inp_fifo
=============================================


Design Unit Name: 'mul', (../RTL/mul.sv:2)
    Parameters (Total 0)
    Instances (Total 1)(Optimized)
        execution_unit.i_mul
=============================================


Design Unit Name: 'add', (../RTL/add.sv:2)
    Parameters (Total 0)
    Instances (Total 1)(Optimized)
        execution_unit.i_add
=============================================


Design Unit Name: 'round_robin_arbiter', (../RTL/round_robin_arbiter.sv:1)
    Parameters (Total 1)
        NUM_OF_INPS = 2  (default: 4)
    Instances (Total 1)
        execution_unit.i_rr_arb
=============================================


