(2023-10-26 13:33:58),0.0277742,0,start,1366.85,385,LicenseMgr Init : 
(2023-10-26 13:33:59),0.0470472,0,end,1373.13,386,LicenseMgr Init : 
(2023-10-26 13:34:02),0.0979268,0,start,1459.39,419,VCS Read Task : 
(2023-10-26 13:34:05),0.155891,0,end,1459.39,419,VCS Read Task : 
(2023-10-26 13:34:05),0.156636,0,start,1459.39,419,Load VCS Message: 
(2023-10-26 13:34:05),0.156878,0,end,1459.39,419,Load VCS Message: 
(2023-10-26 13:34:05),0.15697,0,start,1459.39,419,NLDM Creation : 
(2023-10-26 13:34:05),0.157048,0,start,1459.39,419,LoadCircuitModel : 
(2023-10-26 13:34:05),0.157248,0,start,1459.39,420,VsiLib_Restore : 
(2023-10-26 13:34:05),0.157321,0,end,1459.39,420,VsiLib_Restore : 
(2023-10-26 13:34:05),0.157398,0,end,1459.39,420,LoadCircuitModel : 
(2023-10-26 13:34:05),0.157474,0,start,1459.39,420,BuildNetlist : 
(2023-10-26 13:34:05),0.157547,0,start,1459.39,420,NLDM Build : 
(2023-10-26 13:34:05),0.158138,0,end,1474.34,437,NLDM Build : 
(2023-10-26 13:34:05),0.158234,1,start,1474.34,437,Cell properties : 
(2023-10-26 13:34:05),0.158302,1,end,1474.35,437,Cell properties : 
(2023-10-26 13:34:05),0.158383,0,end,1474.35,437,BuildNetlist : 
(2023-10-26 13:34:05),0.158447,0,end,1474.35,437,NLDM Creation : 
(2023-10-26 13:34:05),0.158609,0,start,1474.35,437,PropertyLoad: Formal Property : 
(2023-10-26 13:34:06),0.158823,0,end,1474.35,437,PropertyLoad: Formal Property : 
(2023-10-26 13:34:06),0.158894,0,start,1474.35,437,PropertyLoad: Formal Property : 
(2023-10-26 13:34:06),0.158993,0,end,1474.35,437,PropertyLoad: Formal Property : 
(2023-10-26 13:34:06),0.159086,0,start,1474.35,437,PropertyLoad: Formal Property : 
(2023-10-26 13:34:06),0.159167,0,end,1474.35,437,PropertyLoad: Formal Property : 
(2023-10-26 13:34:06),0.159271,0,start,1474.35,436,StaticCheck: StaticCheckProcess : 
(2023-10-26 13:34:06),0.159371,0,start,1474.35,436,StaticCheck: NldfgFlatDesign : 
(2023-10-26 13:34:06),0.159453,0,start,1474.35,436,StaticCheck: createFlatDesign : 
(2023-10-26 13:34:06),0.159695,0,end,1482.37,446,StaticCheck: createFlatDesign : 
(2023-10-26 13:34:06),0.159782,0,start,1482.37,446,StaticCheck: legalize : 
(2023-10-26 13:34:06),0.159856,0,end,1482.37,446,StaticCheck: legalize : 
(2023-10-26 13:34:06),0.159937,0,start,1482.37,446,StaticCheck: computeNetEquivalences : 
(2023-10-26 13:34:06),0.160002,0,end,1482.37,446,StaticCheck: computeNetEquivalences : 
(2023-10-26 13:34:06),0.160067,0,start,1482.37,446,StaticCheck: eliminateBidirectionals : 
(2023-10-26 13:34:06),0.160131,0,end,1482.37,446,StaticCheck: eliminateBidirectionals : 
(2023-10-26 13:34:06),0.160194,0,end,1482.37,446,StaticCheck: NldfgFlatDesign : 
(2023-10-26 13:34:06),0.160253,0,start,1482.37,446,StaticCheck: CombLoopCheck  : 
(2023-10-26 13:34:06),0.160339,0,end,1482.37,446,StaticCheck: CombLoopCheck  : 
(2023-10-26 13:34:06),0.160398,0,start,1482.37,446,StaticCheck: MultiDriverCheck  : 
(2023-10-26 13:34:06),0.160469,0,end,1482.37,446,StaticCheck: MultiDriverCheck  : 
(2023-10-26 13:34:06),0.160529,0,end,1482.37,437,StaticCheck: StaticCheckProcess : 
(2023-10-26 13:34:06),0.160747,0,start,1482.37,437,populate SSF data: 
(2023-10-26 13:34:06),0.160845,0,end,1482.37,437,populate SSF data: 
(2023-10-26 13:34:06),0.160923,0,start,1482.37,437,DumpGateCountStats : 
(2023-10-26 13:34:06),0.161038,0,end,1482.37,437,DumpGateCountStats : 
(2023-10-26 13:34:06),0.161156,1,start,1482.37,446,ModuleDesignPropagation : 
(2023-10-26 13:34:06),0.161241,1,end,1482.37,446,ModuleDesignPropagation : 
(2023-10-26 13:34:06),0.163928,0,start,1483.95,448,sim build substep: 
(2023-10-26 13:34:06),0.164629,0,end,1492.67,457,sim build substep: 
(2023-10-26 13:34:06),0.164692,0,start,1492.67,457,sim run substep: 
(2023-10-26 13:34:06),0.165029,0,end,1496.7,461,sim run substep: 
(2023-10-26 13:34:06),0.1651,0,start,1496.7,461,sim_save_reset : 
(2023-10-26 13:34:06),0.166139,0,end,1506.45,463,sim_save_reset : 
(2023-10-26 13:34:06),0.166491,0,start,1506.45,463,CompileProperty : 
(2023-10-26 13:34:09),0.209542,0,end,1506.45,463,CompileProperty : 
(2023-10-26 13:34:09),0.209599,0,start,1506.45,463,BanffAddSvaProperty: buildPropertyModules : 
(2023-10-26 13:34:09),0.209687,0,start,1506.45,463,VsiLib_Restore : 
(2023-10-26 13:34:09),0.209748,0,end,1506.45,463,VsiLib_Restore : 
(2023-10-26 13:34:09),0.209818,0,start,1506.45,463,BanffAddSvaProperty: createModel : 
(2023-10-26 13:34:09),0.20988,0,end,1506.45,463,BanffAddSvaProperty: createModel : 
(2023-10-26 13:34:09),0.209994,0,start,1506.45,463,BanffAddSvaProperty: buildPropertyModulesCallback : 
(2023-10-26 13:34:09),0.210072,0,start,1506.45,463,BanffAddSvaProperty: instrumentProperty : 
(2023-10-26 13:34:09),0.210355,0,end,1506.45,463,BanffAddSvaProperty: instrumentProperty : 
(2023-10-26 13:34:09),0.210452,0,start,1506.45,463,PropertyLoad: Formal Property : 
(2023-10-26 13:34:09),0.210557,0,end,1506.45,463,PropertyLoad: Formal Property : 
(2023-10-26 13:34:09),0.210639,0,end,1506.45,463,BanffAddSvaProperty: buildPropertyModulesCallback : 
(2023-10-26 13:34:09),0.210731,0,end,1506.45,463,BanffAddSvaProperty: buildPropertyModules : 
(2023-10-26 13:34:09),0.211156,0,start,1506.45,463,CompileProperty : 
(2023-10-26 13:34:11),0.255252,0,end,1506.45,463,CompileProperty : 
(2023-10-26 13:34:11),0.255334,0,start,1506.45,463,BanffAddSvaProperty: buildPropertyModules : 
(2023-10-26 13:34:11),0.255463,0,start,1506.45,463,VsiLib_Restore : 
(2023-10-26 13:34:11),0.255536,0,end,1506.45,463,VsiLib_Restore : 
(2023-10-26 13:34:11),0.255628,0,start,1506.45,463,BanffAddSvaProperty: createModel : 
(2023-10-26 13:34:11),0.255736,0,end,1506.45,463,BanffAddSvaProperty: createModel : 
(2023-10-26 13:34:11),0.255883,0,start,1506.45,463,BanffAddSvaProperty: buildPropertyModulesCallback : 
(2023-10-26 13:34:11),0.255989,0,start,1506.45,463,BanffAddSvaProperty: instrumentProperty : 
(2023-10-26 13:34:11),0.256258,0,end,1506.45,463,BanffAddSvaProperty: instrumentProperty : 
(2023-10-26 13:34:11),0.256371,0,start,1506.45,463,PropertyLoad: Formal Property : 
(2023-10-26 13:34:11),0.256509,0,end,1506.45,463,PropertyLoad: Formal Property : 
(2023-10-26 13:34:11),0.256584,0,end,1506.45,463,BanffAddSvaProperty: buildPropertyModulesCallback : 
(2023-10-26 13:34:11),0.25666,0,end,1506.45,463,BanffAddSvaProperty: buildPropertyModules : 
(2023-10-26 13:34:11),0.257143,0,start,1506.45,463,CompileProperty : 
(2023-10-26 13:34:14),0.296898,0,end,1506.45,463,CompileProperty : 
(2023-10-26 13:34:14),0.29696,0,start,1506.45,463,BanffAddSvaProperty: buildPropertyModules : 
(2023-10-26 13:34:14),0.297044,0,start,1506.45,463,VsiLib_Restore : 
(2023-10-26 13:34:14),0.297109,0,end,1506.45,463,VsiLib_Restore : 
(2023-10-26 13:34:14),0.297192,0,start,1506.45,463,BanffAddSvaProperty: createModel : 
(2023-10-26 13:34:14),0.297264,0,end,1506.45,463,BanffAddSvaProperty: createModel : 
(2023-10-26 13:34:14),0.297356,0,start,1506.45,463,BanffAddSvaProperty: buildPropertyModulesCallback : 
(2023-10-26 13:34:14),0.297422,0,start,1506.45,463,BanffAddSvaProperty: instrumentProperty : 
(2023-10-26 13:34:14),0.29762,0,end,1506.45,463,BanffAddSvaProperty: instrumentProperty : 
(2023-10-26 13:34:14),0.29773,0,start,1506.45,463,PropertyLoad: Formal Property : 
(2023-10-26 13:34:14),0.297829,0,end,1506.45,463,PropertyLoad: Formal Property : 
(2023-10-26 13:34:14),0.297889,0,end,1506.45,463,BanffAddSvaProperty: buildPropertyModulesCallback : 
(2023-10-26 13:34:14),0.297943,0,end,1506.45,463,BanffAddSvaProperty: buildPropertyModules : 
(2023-10-26 13:34:14),0.298304,0,start,1506.45,463,CompileProperty : 
(2023-10-26 13:34:17),0.34352,0,end,1506.45,463,CompileProperty : 
(2023-10-26 13:34:17),0.343609,0,start,1506.45,463,BanffAddSvaProperty: buildPropertyModules : 
(2023-10-26 13:34:17),0.343726,0,start,1506.45,463,VsiLib_Restore : 
(2023-10-26 13:34:17),0.343816,0,end,1506.45,463,VsiLib_Restore : 
(2023-10-26 13:34:17),0.343912,0,start,1506.45,463,BanffAddSvaProperty: createModel : 
(2023-10-26 13:34:17),0.343992,0,end,1506.45,463,BanffAddSvaProperty: createModel : 
(2023-10-26 13:34:17),0.34413,0,start,1506.45,463,BanffAddSvaProperty: buildPropertyModulesCallback : 
(2023-10-26 13:34:17),0.344212,0,start,1506.45,463,BanffAddSvaProperty: instrumentProperty : 
(2023-10-26 13:34:17),0.344477,0,end,1506.45,464,BanffAddSvaProperty: instrumentProperty : 
(2023-10-26 13:34:17),0.344599,0,start,1506.45,464,PropertyLoad: Formal Property : 
(2023-10-26 13:34:17),0.344718,0,end,1506.45,464,PropertyLoad: Formal Property : 
(2023-10-26 13:34:17),0.344804,0,end,1506.45,464,BanffAddSvaProperty: buildPropertyModulesCallback : 
(2023-10-26 13:34:17),0.344888,0,end,1506.45,464,BanffAddSvaProperty: buildPropertyModules : 
(2023-10-26 13:34:17),0.345399,0,start,1506.45,464,CompileProperty : 
(2023-10-26 13:34:20),0.392828,0,end,1506.45,464,CompileProperty : 
(2023-10-26 13:34:20),0.392899,0,start,1506.45,464,BanffAddSvaProperty: buildPropertyModules : 
(2023-10-26 13:34:20),0.392997,0,start,1506.45,464,VsiLib_Restore : 
(2023-10-26 13:34:20),0.39307,0,end,1506.45,464,VsiLib_Restore : 
(2023-10-26 13:34:20),0.393147,0,start,1506.45,464,BanffAddSvaProperty: createModel : 
(2023-10-26 13:34:20),0.393214,0,end,1506.45,464,BanffAddSvaProperty: createModel : 
(2023-10-26 13:34:20),0.393301,0,start,1506.45,464,BanffAddSvaProperty: buildPropertyModulesCallback : 
(2023-10-26 13:34:20),0.393376,0,start,1506.45,464,BanffAddSvaProperty: instrumentProperty : 
(2023-10-26 13:34:20),0.393715,0,end,1506.45,464,BanffAddSvaProperty: instrumentProperty : 
(2023-10-26 13:34:20),0.393813,0,start,1506.45,464,PropertyLoad: Formal Property : 
(2023-10-26 13:34:20),0.393891,0,end,1506.45,464,PropertyLoad: Formal Property : 
(2023-10-26 13:34:20),0.393951,0,end,1506.45,464,BanffAddSvaProperty: buildPropertyModulesCallback : 
(2023-10-26 13:34:20),0.394019,0,end,1506.45,464,BanffAddSvaProperty: buildPropertyModules : 
(2023-10-26 13:34:20),0.394438,0,start,1506.45,464,CompileProperty : 
(2023-10-26 13:34:23),0.444349,0,end,1506.45,464,CompileProperty : 
(2023-10-26 13:34:23),0.444405,0,start,1506.45,464,BanffAddSvaProperty: buildPropertyModules : 
(2023-10-26 13:34:23),0.444485,0,start,1506.45,464,VsiLib_Restore : 
(2023-10-26 13:34:23),0.444536,0,end,1506.45,464,VsiLib_Restore : 
(2023-10-26 13:34:23),0.444601,0,start,1506.45,464,BanffAddSvaProperty: createModel : 
(2023-10-26 13:34:23),0.444653,0,end,1506.45,464,BanffAddSvaProperty: createModel : 
(2023-10-26 13:34:23),0.444737,0,start,1506.45,464,BanffAddSvaProperty: buildPropertyModulesCallback : 
(2023-10-26 13:34:23),0.444793,0,start,1506.45,464,BanffAddSvaProperty: instrumentProperty : 
(2023-10-26 13:34:23),0.444984,0,end,1506.45,464,BanffAddSvaProperty: instrumentProperty : 
(2023-10-26 13:34:23),0.445067,0,start,1506.45,464,PropertyLoad: Formal Property : 
(2023-10-26 13:34:23),0.445151,0,end,1506.45,464,PropertyLoad: Formal Property : 
(2023-10-26 13:34:23),0.445211,0,end,1506.45,464,BanffAddSvaProperty: buildPropertyModulesCallback : 
(2023-10-26 13:34:23),0.445282,0,end,1506.45,464,BanffAddSvaProperty: buildPropertyModules : 
(2023-10-26 13:34:23),0.44572,0,start,1506.45,464,CompileProperty : 
(2023-10-26 13:34:26),0.496003,0,end,1506.45,464,CompileProperty : 
(2023-10-26 13:34:26),0.496101,0,start,1506.45,464,BanffAddSvaProperty: buildPropertyModules : 
(2023-10-26 13:34:26),0.496234,0,start,1506.45,464,VsiLib_Restore : 
(2023-10-26 13:34:26),0.496318,0,end,1506.45,464,VsiLib_Restore : 
(2023-10-26 13:34:26),0.496397,0,start,1506.45,464,BanffAddSvaProperty: createModel : 
(2023-10-26 13:34:26),0.496478,0,end,1506.45,464,BanffAddSvaProperty: createModel : 
(2023-10-26 13:34:26),0.496587,0,start,1506.45,464,BanffAddSvaProperty: buildPropertyModulesCallback : 
(2023-10-26 13:34:26),0.496654,0,start,1506.45,464,BanffAddSvaProperty: instrumentProperty : 
(2023-10-26 13:34:26),0.496906,0,end,1506.45,464,BanffAddSvaProperty: instrumentProperty : 
(2023-10-26 13:34:26),0.496992,0,start,1506.45,464,PropertyLoad: Formal Property : 
(2023-10-26 13:34:26),0.497074,0,end,1506.45,464,PropertyLoad: Formal Property : 
(2023-10-26 13:34:26),0.497135,0,end,1506.45,464,BanffAddSvaProperty: buildPropertyModulesCallback : 
(2023-10-26 13:34:26),0.497191,0,end,1506.45,464,BanffAddSvaProperty: buildPropertyModules : 
(2023-10-26 13:34:26),0.497491,0,start,1506.45,464,CompileProperty : 
(2023-10-26 13:34:29),0.54497,0,end,1506.45,464,CompileProperty : 
(2023-10-26 13:34:29),0.545057,0,start,1506.45,464,BanffAddSvaProperty: buildPropertyModules : 
(2023-10-26 13:34:29),0.545185,0,start,1506.45,464,VsiLib_Restore : 
(2023-10-26 13:34:29),0.545266,0,end,1506.45,464,VsiLib_Restore : 
(2023-10-26 13:34:29),0.545345,0,start,1506.45,464,BanffAddSvaProperty: createModel : 
(2023-10-26 13:34:29),0.545424,0,end,1506.45,464,BanffAddSvaProperty: createModel : 
(2023-10-26 13:34:29),0.545513,0,start,1506.45,464,BanffAddSvaProperty: buildPropertyModulesCallback : 
(2023-10-26 13:34:29),0.545591,0,start,1506.45,464,BanffAddSvaProperty: instrumentProperty : 
(2023-10-26 13:34:29),0.545854,0,end,1506.45,464,BanffAddSvaProperty: instrumentProperty : 
(2023-10-26 13:34:29),0.545963,0,start,1506.45,464,PropertyLoad: Formal Property : 
(2023-10-26 13:34:29),0.546059,0,end,1506.45,464,PropertyLoad: Formal Property : 
(2023-10-26 13:34:29),0.54613,0,end,1506.45,464,BanffAddSvaProperty: buildPropertyModulesCallback : 
(2023-10-26 13:34:29),0.546194,0,end,1506.45,464,BanffAddSvaProperty: buildPropertyModules : 
(2023-10-26 13:34:36),0.669098,0,start,1506.44,464,Check: check_fv : 
(2023-10-26 13:34:36),0.669297,0,start,1506.44,464,Check: BuildFormal : 
(2023-10-26 13:34:36),0.669383,0,start,1506.44,464,Check: ResetSetup : 
(2023-10-26 13:34:36),0.669473,0,start,1506.44,464,Check: EnvInstrumentation : 
(2023-10-26 13:34:36),0.669586,0,end,1506.44,464,Check: EnvInstrumentation : 
(2023-10-26 13:34:36),0.669701,0,end,1506.44,464,Check: ResetSetup : 
(2023-10-26 13:34:36),0.66979,0,start,1506.44,464,Check: BotEotInstr : 
(2023-10-26 13:34:36),0.669886,0,end,1506.44,464,Check: BotEotInstr : 
(2023-10-26 13:34:36),0.670004,0,start,1506.44,464,Check: VPReset : 
(2023-10-26 13:34:36),0.670375,0,end,1506.44,464,Check: VPReset : 
(2023-10-26 13:34:36),0.670542,0,start,1506.44,464,Check: FormalModel : 
(2023-10-26 13:34:36),0.670628,0,start,1506.44,464,DfgBuild: Setup : 
(2023-10-26 13:34:36),0.670772,0,end,1506.44,464,DfgBuild: Setup : 
(2023-10-26 13:34:36),0.670874,0,start,1506.44,465,DfgBuild: Flatten : 
(2023-10-26 13:34:36),0.671197,0,end,1514.45,474,DfgBuild: Flatten : 
(2023-10-26 13:34:36),0.671276,0,start,1514.45,474,DfgBuild: ClockSetup : 
(2023-10-26 13:34:36),0.671351,0,end,1514.45,474,DfgBuild: ClockSetup : 
(2023-10-26 13:34:36),0.671431,0,start,1514.45,474,DfgBuild: Modeling : 
(2023-10-26 13:34:36),0.671502,0,end,1514.45,474,DfgBuild: Modeling : 
(2023-10-26 13:34:36),0.671576,0,start,1514.45,474,DfgBuild: FlatRemodel : 
(2023-10-26 13:34:36),0.671659,0,end,1514.45,474,DfgBuild: FlatRemodel : 
(2023-10-26 13:34:36),0.671728,0,start,1514.45,474,DfgBuild: NldfgBuild : 
(2023-10-26 13:34:36),0.671798,0,start,1514.45,474,NldfgBuild : Print statistics 
(2023-10-26 13:34:36),0.67187,0,end,1514.45,474,NldfgBuild : Print statistics 
(2023-10-26 13:34:36),0.671941,0,start,1514.45,474,NldfgBuild : Cutpoint Insertion 
(2023-10-26 13:34:36),0.672046,0,end,1514.45,474,NldfgBuild : Cutpoint Insertion 
(2023-10-26 13:34:36),0.672114,0,start,1514.45,474,NldfgBuild : Compute net equivalences 
(2023-10-26 13:34:36),0.672186,0,end,1514.45,474,NldfgBuild : Compute net equivalences 
(2023-10-26 13:34:36),0.672262,0,start,1514.45,474,NldfgBuild : Eliminate bidirectionals 
(2023-10-26 13:34:36),0.672368,0,end,1514.45,474,NldfgBuild : Eliminate bidirectionals 
(2023-10-26 13:34:36),0.67245,0,start,1514.45,474,NldfgBuild : Remove false combo loops 
(2023-10-26 13:34:36),0.672577,0,end,1514.45,474,NldfgBuild : Remove false combo loops 
(2023-10-26 13:34:36),0.672789,0,start,1514.45,474,NldfgBuild : Create dfg 
(2023-10-26 13:34:36),0.672892,0,start,1514.45,474,NldfgBuild : Create graph 
(2023-10-26 13:34:36),0.673017,0,end,1514.45,475,NldfgBuild : Create graph 
(2023-10-26 13:34:36),0.673093,0,start,1514.45,475,NldfgBuild : Create terminal sinks and sources 
(2023-10-26 13:34:36),0.673281,0,end,1514.45,475,NldfgBuild : Create terminal sinks and sources 
(2023-10-26 13:34:36),0.673355,0,start,1514.45,475,NldfgBuild : Compute dependencies 
(2023-10-26 13:34:36),0.673427,0,end,1514.45,475,NldfgBuild : Compute dependencies 
(2023-10-26 13:34:36),0.673495,0,start,1514.45,475,NldfgBuild : Compute combinational SCCs 
(2023-10-26 13:34:36),0.673589,0,end,1514.45,475,NldfgBuild : Compute combinational SCCs 
(2023-10-26 13:34:36),0.673667,0,start,1514.45,475,NldfgBuild : Compute templates 
(2023-10-26 13:34:36),0.674922,0,end,1514.45,476,NldfgBuild : Compute templates 
(2023-10-26 13:34:36),0.674989,0,start,1514.45,476,NldfgBuild : Eliminate combinational SCCs 
(2023-10-26 13:34:36),0.675046,0,end,1514.45,476,NldfgBuild : Eliminate combinational SCCs 
(2023-10-26 13:34:36),0.675109,0,start,1514.45,476,NldfgBuild : Computing sequential SCCs 
(2023-10-26 13:34:36),0.675189,0,end,1514.45,476,NldfgBuild : Computing sequential SCCs 
(2023-10-26 13:34:36),0.67525,0,start,1514.45,476,NldfgBuild : Create simulator clocks, changeAts and Triggers 
(2023-10-26 13:34:36),0.67532,0,end,1514.45,476,NldfgBuild : Create simulator clocks, changeAts and Triggers 
(2023-10-26 13:34:37),0.675386,0,start,1514.45,476,NldfgBuild : SymSimulator Analysis and computation 
(2023-10-26 13:34:37),0.676186,0,end,1514.45,477,NldfgBuild : SymSimulator Analysis and computation 
(2023-10-26 13:34:37),0.67627,0,end,1514.45,477,NldfgBuild : Create dfg 
(2023-10-26 13:34:37),0.676334,0,end,1514.45,476,DfgBuild: NldfgBuild : 
(2023-10-26 13:34:37),0.676397,0,start,1514.45,476,StaticCheck: StaticCheckProcess : 
(2023-10-26 13:34:37),0.676459,0,start,1514.45,476,StaticCheck: NldfgFlatDesign : 
(2023-10-26 13:34:37),0.676521,0,end,1514.45,476,StaticCheck: NldfgFlatDesign : 
(2023-10-26 13:34:37),0.676584,0,start,1514.45,476,StaticCheck: CombLoopCheck  : 
(2023-10-26 13:34:37),0.676688,0,end,1514.45,476,StaticCheck: CombLoopCheck  : 
(2023-10-26 13:34:37),0.676752,0,start,1514.45,476,StaticCheck: MultiDriverCheck  : 
(2023-10-26 13:34:37),0.676835,0,end,1514.45,476,StaticCheck: MultiDriverCheck  : 
(2023-10-26 13:34:37),0.676901,0,end,1514.45,476,StaticCheck: StaticCheckProcess : 
(2023-10-26 13:34:37),0.676991,0,start,1514.45,476,DfgBuild: DfgRemodel : 
(2023-10-26 13:34:37),0.678146,0,end,1514.45,474,DfgBuild: DfgRemodel : 
(2023-10-26 13:34:37),0.678241,0,end,1514.45,465,Check: FormalModel : 
(2023-10-26 13:34:37),0.678315,0,end,1514.45,465,Check: BuildFormal : 
(2023-10-26 13:34:37),0.678383,0,start,1514.45,465,Check: GCDB : 
(2023-10-26 13:34:37),0.678578,0,end,1514.45,465,Check: GCDB : 
(2023-10-26 13:34:37),0.678767,0,start,1514.45,465,Check: Tanglewood : 
(2023-10-26 13:34:37),0.679922,0,end,1514.45,465,Check: Tanglewood : 
(2023-10-26 13:34:37),0.679985,0,end,1514.45,465,Check: check_fv : 
