version: (200506)

available memory: 64M bytes
used memory: 98304 bytes [need 96K bytes if disable swap]

used block: 5 [memory(5) file(0)]
                 [ 8K(4) 64K(1) { total 96K bytes } ]
overhead: (9538) bytes for (5) blocks [Average: (1907) bytes/block]

write  => 0(times) 0K(bytes) [0K bytes to file]
read   => 1(times) 19K(bytes) [2K bytes compressed data from file]
access => 83651(times) 659M(bytes)
          [hit ratio: 99.9988%]

time: write(0) read(0)  unit: second

swap file directory: (/home/amaso/common/Documents/ECE560/560_assignment2/run/verdiLog)
used swap file number: (1)



swap file manager:
arrSize: (256)
idxCnt: (4)
closeHead: (1)
closeTail: (2)
openCnt: (2)
fid(3): fd(0) fileName(/home/amaso/common/Documents/ECE560/560_assignment2/run/vcst_rtdb/.internal/design/simv.daidir/kdb.elab++/work.lib++/design_includes.vh.tdc)
	size(522) lastModTime(1698352682) curModTime(1698352682)
	mode(rb)	hot(0) cool(0) pos(0)
fid(2): fd(57) fileName(/home/amaso/common/Documents/ECE560/560_assignment2/run/verdiLog/_swap_0001#-636873521#16965)
	size(0) lastModTime(0) curModTime(1698352684)
	mode(w+b)	hot(0) cool(1) pos(0)
fid(1): fd(1073741824) fileName(/home/amaso/common/Documents/ECE560/560_assignment2/run/vcst_rtdb/.internal/design/simv.daidir/kdb.elab++/work.lib++/execution_unit.sv.tdc)
	size(4746) lastModTime(1698352682) curModTime(1698352682)
	mode(rb)	hot(2) cool(0) pos(0)
fid(0): fd(0) fileName(NULL)
	mode(NULL)	hot(0) cool(0) pos(0)
==================================================
mySelf(0x1caddd40) pre(0x1cacf100) next((nil))
version(200506)
date(Nov 14 2022 02:32:13)
